\BOOKMARK [0][-]{Abstract.0}{Abstract}{}% 1
\BOOKMARK [0][-]{Acknowledgments.0}{Acknowledgments}{}% 2
\BOOKMARK [0][-]{Table of Contents.0}{Table of Contents}{}% 3
\BOOKMARK [0][-]{List of Figures.0}{List of Figures}{}% 4
\BOOKMARK [0][-]{List of Tables.0}{List of Tables}{}% 5
\BOOKMARK [0][-]{chapter.1}{Introduction}{}% 6
\BOOKMARK [0][-]{chapter.2}{The Multiple Fates of Sinking Particles in the North Atlantic Ocean}{}% 7
\BOOKMARK [1][-]{section.2.1}{Abstract}{chapter.2}% 8
\BOOKMARK [1][-]{section.2.2}{Introduction}{chapter.2}% 9
\BOOKMARK [1][-]{section.2.3}{Methods and Model Description}{chapter.2}% 10
\BOOKMARK [2][-]{subsection.2.3.1}{Cruises and Study Locations}{section.2.3}% 11
\BOOKMARK [2][-]{subsection.2.3.2}{Sediment Trap Deployments}{section.2.3}% 12
\BOOKMARK [2][-]{subsection.2.3.3}{Determination of Particulate Carbon Fluxes}{section.2.3}% 13
\BOOKMARK [2][-]{subsection.2.3.4}{Bacterial Production}{section.2.3}% 14
\BOOKMARK [2][-]{subsection.2.3.5}{Photosynthetic Pigments}{section.2.3}% 15
\BOOKMARK [2][-]{subsection.2.3.6}{Respiration Measurements}{section.2.3}% 16
\BOOKMARK [2][-]{subsection.2.3.7}{Bacterial Growth Efficiency}{section.2.3}% 17
\BOOKMARK [2][-]{subsection.2.3.8}{Sensitivity Analyses of a Simple Yet Mechanistic Flux Attenuation Model}{section.2.3}% 18
\BOOKMARK [1][-]{section.2.4}{Results and Discussion of Field Observations}{chapter.2}% 19
\BOOKMARK [2][-]{subsection.2.4.1}{POC and PIC Export}{section.2.4}% 20
\BOOKMARK [2][-]{subsection.2.4.2}{Bacterial Production}{section.2.4}% 21
\BOOKMARK [2][-]{subsection.2.4.3}{Respiration Rates}{section.2.4}% 22
\BOOKMARK [1][-]{section.2.5}{Model Results and Discussion}{chapter.2}% 23
\BOOKMARK [2][-]{subsection.2.5.1}{Sensitivity Analyses}{section.2.5}% 24
\BOOKMARK [1][-]{section.2.6}{Conclusion}{chapter.2}% 25
\BOOKMARK [1][-]{section.2.7}{Acknowledgments}{chapter.2}% 26
\BOOKMARK [1][-]{section.2.8}{Availability of Data and Code }{chapter.2}% 27
\BOOKMARK [0][-]{chapter.3}{LOBSTAHS: An Adduct-Based Lipidomics Strategy for Discovery and Identification of Oxidative Stress Biomarkers}{}% 28
\BOOKMARK [1][-]{section.3.1}{Abstract}{chapter.3}% 29
\BOOKMARK [1][-]{section.3.2}{Introduction}{chapter.3}% 30
\BOOKMARK [1][-]{section.3.3}{Theory and Design of Software and Databases}{chapter.3}% 31
\BOOKMARK [2][-]{subsection.3.3.1}{Databases}{section.3.3}% 32
\BOOKMARK [2][-]{subsection.3.3.2}{Data Analysis Workflow}{section.3.3}% 33
\BOOKMARK [1][-]{section.3.4}{Experimental Section}{chapter.3}% 34
\BOOKMARK [2][-]{subsection.3.4.1}{Model Dataset Used to Demonstrate the Workflow}{section.3.4}% 35
\BOOKMARK [2][-]{subsection.3.4.2}{Sample Collection and Extraction}{section.3.4}% 36
\BOOKMARK [2][-]{subsection.3.4.3}{HPLC-ESI-MS Analysis}{section.3.4}% 37
\BOOKMARK [2][-]{subsection.3.4.4}{Analysis of P. tricornutum Data Using LOBSTAHS}{section.3.4}% 38
\BOOKMARK [1][-]{section.3.5}{Results and Discussion}{chapter.3}% 39
\BOOKMARK [2][-]{subsection.3.5.1}{Screening and Annotation of P. tricornutum Data in LOBSTAHS}{section.3.5}% 40
\BOOKMARK [2][-]{subsection.3.5.2}{Evaluation of Screening and Identification Performance using Two Methods}{section.3.5}% 41
\BOOKMARK [2][-]{subsection.3.5.3}{Resilience of Core P. tricornutum Lipidome under Oxidative Stress}{section.3.5}% 42
\BOOKMARK [2][-]{subsection.3.5.4}{Differences in Degree of Remodeling Between Lipid Classes and Functional Groupings}{section.3.5}% 43
\BOOKMARK [2][-]{subsection.3.5.5}{Fatty Acid Chain Elongation is an Apparent Response to Oxidative Stress in the Chloroplast}{section.3.5}% 44
\BOOKMARK [2][-]{subsection.3.5.6}{Fatty Acid Chain Elongation Also Evident in Lipids Localized to Other Cell Compartments}{section.3.5}% 45
\BOOKMARK [2][-]{subsection.3.5.7}{Significant Enrichment Observed in TAG}{section.3.5}% 46
\BOOKMARK [2][-]{subsection.3.5.8}{No Overall Increase Observed in Lipidome Oxidation State}{section.3.5}% 47
\BOOKMARK [1][-]{section.3.6}{Conclusion}{chapter.3}% 48
\BOOKMARK [1][-]{section.3.7}{Acknowledgments }{chapter.3}% 49
\BOOKMARK [1][-]{section.3.8}{Availability of Data and Code }{chapter.3}% 50
\BOOKMARK [0][-]{chapter.4}{Mechanisms and Biogeochemical Significance of Lipid Photooxidation in Coastal Surface Waters of West Antarctica}{}% 51
\BOOKMARK [1][-]{section.4.1}{Abbreviations}{chapter.4}% 52
\BOOKMARK [1][-]{section.4.2}{Abstract}{chapter.4}% 53
\BOOKMARK [1][-]{section.4.3}{Introduction}{chapter.4}% 54
\BOOKMARK [1][-]{section.4.4}{Experimental Section}{chapter.4}% 55
\BOOKMARK [2][-]{subsection.4.4.1}{UV Photooxidation Experiments}{section.4.4}% 56
\BOOKMARK [2][-]{subsection.4.4.2}{Measurements of Incoming Irradiance}{section.4.4}% 57
\BOOKMARK [2][-]{subsection.4.4.3}{Benchtop Absorbance and Transmissivity Measurements}{section.4.4}% 58
\BOOKMARK [2][-]{subsection.4.4.4}{Laboratory Determination of H2O2 and O2- Photoproduction and Decay}{section.4.4}% 59
\BOOKMARK [2][-]{subsection.4.4.5}{Water Column Sample Collection}{section.4.4}% 60
\BOOKMARK [2][-]{subsection.4.4.6}{High-Resolution HPLC-ESI-MS Analysis}{section.4.4}% 61
\BOOKMARK [2][-]{subsection.4.4.7}{Calculation of Broadband Polychromatic Apparent Quantum Yields \(AQY\)}{section.4.4}% 62
\BOOKMARK [2][-]{subsection.4.4.8}{Lipid Photooxidation Rate Estimates}{section.4.4}% 63
\BOOKMARK [1][-]{section.4.5}{Results}{chapter.4}% 64
\BOOKMARK [2][-]{subsection.4.5.1}{Irradiance Observations; UV Penetration Through Shallow Mixed Layer}{section.4.5}% 65
\BOOKMARK [2][-]{subsection.4.5.2}{Rates of Photooxidation in Phosphatidylcholine Liposome Experiments}{section.4.5}% 66
\BOOKMARK [2][-]{subsection.4.5.3}{Role and Activity of Heterotrophic Bacteria}{section.4.5}% 67
\BOOKMARK [2][-]{subsection.4.5.4}{Malondialehyde Assay Results Generally Confirm Other Findings}{section.4.5}% 68
\BOOKMARK [2][-]{subsection.4.5.5}{Diversity of Photodegradation Products Identified by HRAM HPLC-ESI-MS}{section.4.5}% 69
\BOOKMARK [2][-]{subsection.4.5.6}{Distributions and Acyl Saturation State of IP-DAG in Samples from Waters of the West Antarctic Peninsula}{section.4.5}% 70
\BOOKMARK [1][-]{section.4.6}{Discussion}{chapter.4}% 71
\BOOKMARK [2][-]{subsection.4.6.1}{Apparent Dependence of Photolability on Acyl Polyunsaturation}{section.4.6}% 72
\BOOKMARK [2][-]{subsection.4.6.2}{Possible Mechanisms Supporting Observed Rates of Photooxidation}{section.4.6}% 73
\BOOKMARK [2][-]{subsection.4.6.3}{Biogeochemical Significance of Lipid Photooxidation in Surface Waters of the West Antarctic Peninsula}{section.4.6}% 74
\BOOKMARK [2][-]{subsection.4.6.4}{Future Implications for the West Antarctic Peninsula Marine Ecosystem}{section.4.6}% 75
\BOOKMARK [1][-]{section.4.7}{Conclusions and Additional Biogeochemical Implications}{chapter.4}% 76
\BOOKMARK [1][-]{section.4.8}{Acknowledgements}{chapter.4}% 77
\BOOKMARK [1][-]{section.4.9}{Availability of Data, Code, and Supplementary Methodological Details}{chapter.4}% 78
\BOOKMARK [0][-]{chapter.5}{Conclusions and Directions for Further Research}{}% 79
\BOOKMARK [0][-]{appendix.A}{A New, Autonomous Device Captures In Situ Variation in Oxygen Consumption and Community Metabolism at Very Fine Time Scales}{}% 80
\BOOKMARK [1][-]{section.A.1}{Abstract}{appendix.A}% 81
\BOOKMARK [1][-]{section.A.2}{Introduction}{appendix.A}% 82
\BOOKMARK [1][-]{section.A.3}{Materials and Methods}{appendix.A}% 83
\BOOKMARK [2][-]{subsection.A.3.1}{Instrument Design and Operation}{section.A.3}% 84
\BOOKMARK [2][-]{subsection.A.3.2}{Instrument Deployments}{section.A.3}% 85
\BOOKMARK [2][-]{subsection.A.3.3}{Instrument Calibration and Choice of Deployment Depth}{section.A.3}% 86
\BOOKMARK [2][-]{subsection.A.3.4}{Instrument Validation by Two Independent Methods}{section.A.3}% 87
\BOOKMARK [2][-]{subsection.A.3.5}{Data Analysis}{section.A.3}% 88
\BOOKMARK [1][-]{section.A.4}{Results and Discussion}{appendix.A}% 89
\BOOKMARK [2][-]{subsection.A.4.1}{PHORCYS Metabolic Rate Estimates}{section.A.4}% 90
\BOOKMARK [2][-]{subsection.A.4.2}{Performance of Method for Estimation of Uncertainties}{section.A.4}% 91
\BOOKMARK [2][-]{subsection.A.4.3}{Evaluation of Instrument Performance Using Independent Methods}{section.A.4}% 92
\BOOKMARK [2][-]{subsection.A.4.4}{Possible Sources of the Observed Discrepancies Between Methods}{section.A.4}% 93
\BOOKMARK [1][-]{section.A.5}{Conclusion}{appendix.A}% 94
\BOOKMARK [1][-]{section.A.6}{Acknowledgements}{appendix.A}% 95
\BOOKMARK [1][-]{section.A.7}{Availability of Data and Code}{appendix.A}% 96
\BOOKMARK [0][-]{appendix.B}{Preliminary analysis of a microbial community UV exposure experiment at Station ALOHA}{}% 97
\BOOKMARK [1][-]{section.B.1}{Description}{appendix.B}% 98
\BOOKMARK [1][-]{section.B.2}{Brief Summary of Methods}{appendix.B}% 99
\BOOKMARK [1][-]{section.B.3}{Results}{appendix.B}% 100
\BOOKMARK [1][-]{section.B.4}{Figures}{appendix.B}% 101
\BOOKMARK [0][-]{appendix.C}{Supporting information for Chapter 2}{}% 102
\BOOKMARK [1][-]{section.C.1}{Supplementary Figures}{appendix.C}% 103
\BOOKMARK [1][-]{section.C.2}{Supplementary Tables}{appendix.C}% 104
\BOOKMARK [0][-]{appendix.D}{Supporting information for Chapter 3}{}% 105
\BOOKMARK [1][-]{section.D.1}{Supplementary Methodological Details Not Described in the Text}{appendix.D}% 106
\BOOKMARK [2][-]{subsection.D.1.1}{Conversion of .raw Data Files to .mzXML Format}{section.D.1}% 107
\BOOKMARK [2][-]{subsection.D.1.2}{Sample Injection, Chromatography and ESI Source Settings}{section.D.1}% 108
\BOOKMARK [2][-]{subsection.D.1.3}{Mass Spectrometer Acquisition Settings}{section.D.1}% 109
\BOOKMARK [2][-]{subsection.D.1.4}{Procedures Used for Weekly and Real-Time Calibration of the Exactive}{section.D.1}% 110
\BOOKMARK [2][-]{subsection.D.1.5}{Script for Pre-Processing Data in xcms and CAMERA}{section.D.1}% 111
\BOOKMARK [2][-]{subsection.D.1.6}{Determination of Retention Time Window Data}{section.D.1}% 112
\BOOKMARK [2][-]{subsection.D.1.7}{Analysis of Positive Ionization Mode P. tricornutum Data Using xcms, CAMERA, and LOBSTAHS}{section.D.1}% 113
\BOOKMARK [2][-]{subsection.D.1.8}{Choice of Matching Tolerance}{section.D.1}% 114
\BOOKMARK [2][-]{subsection.D.1.9}{Statistical Analysis and Visualization of the P. tricornutum Lipidome }{section.D.1}% 115
\BOOKMARK [1][-]{section.D.2}{Supplementary Figures}{appendix.D}% 116
\BOOKMARK [1][-]{section.D.3}{Supplementary Tables}{appendix.D}% 117
\BOOKMARK [0][-]{appendix.E}{Supporting information for Chapter 4}{}% 118
\BOOKMARK [1][-]{section.E.1}{Supplementary Methodological Details Not Described in the Text}{appendix.E}% 119
\BOOKMARK [2][-]{subsection.E.1.1}{Sample Injection, Chromatography and ESI Source Settings}{section.E.1}% 120
\BOOKMARK [2][-]{subsection.E.1.2}{Mass Spectrometer Acquisition Settings}{section.E.1}% 121
\BOOKMARK [2][-]{subsection.E.1.3}{Procedures Used for Weekly and Real-Time Calibration of the Exactive}{section.E.1}% 122
\BOOKMARK [1][-]{section.E.2}{Supplementary Figures}{appendix.E}% 123
\BOOKMARK [1][-]{section.E.3}{Supplementary Tables}{appendix.E}% 124
\BOOKMARK [0][-]{appendix.F}{Supplementary data from a Ph.D. completed in Woods Hole}{}% 125
